0 info it worked if it ends with ok
1 verbose cli [ 'C:\\nodejs\\node.exe',
1 verbose cli   'C:\\Users\\pistolla\\AppData\\Roaming\\npm\\node_modules\\npm\\bin\\npm-cli.js',
1 verbose cli   'install',
1 verbose cli   'lodash@4.7.11' ]
2 info using npm@3.7.5
3 info using node@v10.16.2
4 silly loadCurrentTree Starting
5 silly install loadCurrentTree
6 silly install readLocalPackageData
7 silly fetchPackageMetaData lodash@4.7.11
8 silly fetchNamedPackageData lodash
9 silly mapToRegistry name lodash
10 silly mapToRegistry using default registry
11 silly mapToRegistry registry http://registry.npmjs.org/
12 silly mapToRegistry uri http://registry.npmjs.org/lodash
13 verbose get http://registry.npmjs.org/lodash not expired, no request
14 silly fetchPackageMetaData Error: No compatible version found: lodash@4.7.11
14 silly fetchPackageMetaData Valid install targets:
14 silly fetchPackageMetaData 4.17.11, 4.17.10, 4.17.9, 4.17.5, 4.17.4, 4.17.3, 4.17.2, 4.17.1, 4.17.0, 4.16.6, 4.16.5, 4.16.4, 4.16.3, 4.16.2, 4.16.1, 4.16.0, 4.15.0, 4.14.2, 4.14.1, 4.14.0, 4.13.1, 4.13.0, 4.12.0, 4.11.2, 4.11.1, 4.11.0, 4.10.0, 4.9.0, 4.8.2, 4.8.1, 4.8.0, 4.7.0, 4.6.1, 4.6.0, 4.5.1, 4.5.0, 4.4.0, 4.3.0, 4.2.1, 4.2.0, 4.1.0, 4.0.1, 4.0.0, 3.10.1, 3.10.0, 3.9.3, 3.9.2, 3.9.1, 3.9.0, 3.8.0, 3.7.0, 3.6.0, 3.5.0, 3.4.0, 3.3.1, 3.3.0, 3.2.0, 3.1.0, 3.0.1, 3.0.0, 2.4.2, 2.4.1, 2.4.0, 2.3.0, 2.2.1, 2.2.0, 2.1.0, 2.0.0, 1.3.1, 1.3.0, 1.2.1, 1.2.0, 1.1.1, 1.1.0, 1.0.2, 1.0.1, 1.0.0, 1.0.0-rc.3, 1.0.0-rc.2, 1.0.0-rc.1, 0.10.0, 0.9.2, 0.9.1, 0.9.0, 0.8.2, 0.8.1, 0.8.0, 0.7.0, 0.6.1, 0.6.0, 0.5.2, 0.5.1, 0.5.0, 0.5.0-rc.1, 0.4.2, 0.4.1, 0.4.0, 0.3.2, 0.3.1, 0.3.0, 0.2.2, 0.2.1, 0.2.0, 0.1.0
14 silly fetchPackageMetaData
14 silly fetchPackageMetaData     at pickVersionFromRegistryDocument (C:\Users\pistolla\AppData\Roaming\npm\node_modules\npm\lib\fetch-package-metadata.js:156:16)
14 silly fetchPackageMetaData     at C:\Users\pistolla\AppData\Roaming\npm\node_modules\npm\node_modules\iferr\index.js:13:50
14 silly fetchPackageMetaData     at C:\Users\pistolla\AppData\Roaming\npm\node_modules\npm\lib\utils\pulse-till-done.js:19:8
14 silly fetchPackageMetaData     at CachingRegistryClient.get_ (C:\Users\pistolla\AppData\Roaming\npm\node_modules\npm\lib\cache\caching-client.js:120:16)
14 silly fetchPackageMetaData     at C:\Users\pistolla\AppData\Roaming\npm\node_modules\npm\lib\cache\caching-client.js:87:14
14 silly fetchPackageMetaData     at C:\Users\pistolla\AppData\Roaming\npm\node_modules\npm\node_modules\graceful-fs\graceful-fs.js:78:16
14 silly fetchPackageMetaData     at FSReqWrap.readFileAfterClose [as oncomplete] (internal/fs/read_file_context.js:53:3)
14 silly fetchPackageMetaData  error for lodash@4.7.11 Error: No compatible version found: lodash@4.7.11
14 silly fetchPackageMetaData Valid install targets:
14 silly fetchPackageMetaData 4.17.11, 4.17.10, 4.17.9, 4.17.5, 4.17.4, 4.17.3, 4.17.2, 4.17.1, 4.17.0, 4.16.6, 4.16.5, 4.16.4, 4.16.3, 4.16.2, 4.16.1, 4.16.0, 4.15.0, 4.14.2, 4.14.1, 4.14.0, 4.13.1, 4.13.0, 4.12.0, 4.11.2, 4.11.1, 4.11.0, 4.10.0, 4.9.0, 4.8.2, 4.8.1, 4.8.0, 4.7.0, 4.6.1, 4.6.0, 4.5.1, 4.5.0, 4.4.0, 4.3.0, 4.2.1, 4.2.0, 4.1.0, 4.0.1, 4.0.0, 3.10.1, 3.10.0, 3.9.3, 3.9.2, 3.9.1, 3.9.0, 3.8.0, 3.7.0, 3.6.0, 3.5.0, 3.4.0, 3.3.1, 3.3.0, 3.2.0, 3.1.0, 3.0.1, 3.0.0, 2.4.2, 2.4.1, 2.4.0, 2.3.0, 2.2.1, 2.2.0, 2.1.0, 2.0.0, 1.3.1, 1.3.0, 1.2.1, 1.2.0, 1.1.1, 1.1.0, 1.0.2, 1.0.1, 1.0.0, 1.0.0-rc.3, 1.0.0-rc.2, 1.0.0-rc.1, 0.10.0, 0.9.2, 0.9.1, 0.9.0, 0.8.2, 0.8.1, 0.8.0, 0.7.0, 0.6.1, 0.6.0, 0.5.2, 0.5.1, 0.5.0, 0.5.0-rc.1, 0.4.2, 0.4.1, 0.4.0, 0.3.2, 0.3.1, 0.3.0, 0.2.2, 0.2.1, 0.2.0, 0.1.0
14 silly fetchPackageMetaData
14 silly fetchPackageMetaData     at pickVersionFromRegistryDocument (C:\Users\pistolla\AppData\Roaming\npm\node_modules\npm\lib\fetch-package-metadata.js:156:16)
14 silly fetchPackageMetaData     at C:\Users\pistolla\AppData\Roaming\npm\node_modules\npm\node_modules\iferr\index.js:13:50
14 silly fetchPackageMetaData     at C:\Users\pistolla\AppData\Roaming\npm\node_modules\npm\lib\utils\pulse-till-done.js:19:8
14 silly fetchPackageMetaData     at CachingRegistryClient.get_ (C:\Users\pistolla\AppData\Roaming\npm\node_modules\npm\lib\cache\caching-client.js:120:16)
14 silly fetchPackageMetaData     at C:\Users\pistolla\AppData\Roaming\npm\node_modules\npm\lib\cache\caching-client.js:87:14
14 silly fetchPackageMetaData     at C:\Users\pistolla\AppData\Roaming\npm\node_modules\npm\node_modules\graceful-fs\graceful-fs.js:78:16
14 silly fetchPackageMetaData     at FSReqWrap.readFileAfterClose [as oncomplete] (internal/fs/read_file_context.js:53:3)
15 silly rollbackFailedOptional Starting
16 silly rollbackFailedOptional Finishing
17 silly runTopLevelLifecycles Starting
18 silly runTopLevelLifecycles Finishing
19 silly install printInstalled
20 verbose stack Error: No compatible version found: lodash@4.7.11
20 verbose stack Valid install targets:
20 verbose stack 4.17.11, 4.17.10, 4.17.9, 4.17.5, 4.17.4, 4.17.3, 4.17.2, 4.17.1, 4.17.0, 4.16.6, 4.16.5, 4.16.4, 4.16.3, 4.16.2, 4.16.1, 4.16.0, 4.15.0, 4.14.2, 4.14.1, 4.14.0, 4.13.1, 4.13.0, 4.12.0, 4.11.2, 4.11.1, 4.11.0, 4.10.0, 4.9.0, 4.8.2, 4.8.1, 4.8.0, 4.7.0, 4.6.1, 4.6.0, 4.5.1, 4.5.0, 4.4.0, 4.3.0, 4.2.1, 4.2.0, 4.1.0, 4.0.1, 4.0.0, 3.10.1, 3.10.0, 3.9.3, 3.9.2, 3.9.1, 3.9.0, 3.8.0, 3.7.0, 3.6.0, 3.5.0, 3.4.0, 3.3.1, 3.3.0, 3.2.0, 3.1.0, 3.0.1, 3.0.0, 2.4.2, 2.4.1, 2.4.0, 2.3.0, 2.2.1, 2.2.0, 2.1.0, 2.0.0, 1.3.1, 1.3.0, 1.2.1, 1.2.0, 1.1.1, 1.1.0, 1.0.2, 1.0.1, 1.0.0, 1.0.0-rc.3, 1.0.0-rc.2, 1.0.0-rc.1, 0.10.0, 0.9.2, 0.9.1, 0.9.0, 0.8.2, 0.8.1, 0.8.0, 0.7.0, 0.6.1, 0.6.0, 0.5.2, 0.5.1, 0.5.0, 0.5.0-rc.1, 0.4.2, 0.4.1, 0.4.0, 0.3.2, 0.3.1, 0.3.0, 0.2.2, 0.2.1, 0.2.0, 0.1.0
20 verbose stack
20 verbose stack     at pickVersionFromRegistryDocument (C:\Users\pistolla\AppData\Roaming\npm\node_modules\npm\lib\fetch-package-metadata.js:156:16)
20 verbose stack     at C:\Users\pistolla\AppData\Roaming\npm\node_modules\npm\node_modules\iferr\index.js:13:50
20 verbose stack     at C:\Users\pistolla\AppData\Roaming\npm\node_modules\npm\lib\utils\pulse-till-done.js:19:8
20 verbose stack     at CachingRegistryClient.get_ (C:\Users\pistolla\AppData\Roaming\npm\node_modules\npm\lib\cache\caching-client.js:120:16)
20 verbose stack     at C:\Users\pistolla\AppData\Roaming\npm\node_modules\npm\lib\cache\caching-client.js:87:14
20 verbose stack     at C:\Users\pistolla\AppData\Roaming\npm\node_modules\npm\node_modules\graceful-fs\graceful-fs.js:78:16
20 verbose stack     at FSReqWrap.readFileAfterClose [as oncomplete] (internal/fs/read_file_context.js:53:3)
21 verbose cwd E:\node\eco-exchange
22 error Windows_NT 6.1.7601
23 error argv "C:\\nodejs\\node.exe" "C:\\Users\\pistolla\\AppData\\Roaming\\npm\\node_modules\\npm\\bin\\npm-cli.js" "install" "lodash@4.7.11"
24 error node v10.16.2
25 error npm  v3.7.5
26 error No compatible version found: lodash@4.7.11
26 error Valid install targets:
26 error 4.17.11, 4.17.10, 4.17.9, 4.17.5, 4.17.4, 4.17.3, 4.17.2, 4.17.1, 4.17.0, 4.16.6, 4.16.5, 4.16.4, 4.16.3, 4.16.2, 4.16.1, 4.16.0, 4.15.0, 4.14.2, 4.14.1, 4.14.0, 4.13.1, 4.13.0, 4.12.0, 4.11.2, 4.11.1, 4.11.0, 4.10.0, 4.9.0, 4.8.2, 4.8.1, 4.8.0, 4.7.0, 4.6.1, 4.6.0, 4.5.1, 4.5.0, 4.4.0, 4.3.0, 4.2.1, 4.2.0, 4.1.0, 4.0.1, 4.0.0, 3.10.1, 3.10.0, 3.9.3, 3.9.2, 3.9.1, 3.9.0, 3.8.0, 3.7.0, 3.6.0, 3.5.0, 3.4.0, 3.3.1, 3.3.0, 3.2.0, 3.1.0, 3.0.1, 3.0.0, 2.4.2, 2.4.1, 2.4.0, 2.3.0, 2.2.1, 2.2.0, 2.1.0, 2.0.0, 1.3.1, 1.3.0, 1.2.1, 1.2.0, 1.1.1, 1.1.0, 1.0.2, 1.0.1, 1.0.0, 1.0.0-rc.3, 1.0.0-rc.2, 1.0.0-rc.1, 0.10.0, 0.9.2, 0.9.1, 0.9.0, 0.8.2, 0.8.1, 0.8.0, 0.7.0, 0.6.1, 0.6.0, 0.5.2, 0.5.1, 0.5.0, 0.5.0-rc.1, 0.4.2, 0.4.1, 0.4.0, 0.3.2, 0.3.1, 0.3.0, 0.2.2, 0.2.1, 0.2.0, 0.1.0
27 error If you need help, you may report this error at:
27 error     <https://github.com/npm/npm/issues>
28 verbose exit [ 1, true ]
